Importer Log Report
Project : EDISON_ARDUINO_HVM_8_26_OLD.PrjPcb

Section : Document - C:\Users\Kyle\473\hardware\edison\EDISON_ARDUINO_HVM_8_26_OLD.DSN

    Section : Importing Sheet - 11) TEST POINTS.SchDoc
        Warning : Off-Page Connector of type INPUT RIGHT at (8.3in,10.7in) is not recognised
        Warning : Off-Page Connector of type INPUT RIGHT at (13.05in,8.9in) is not recognised
        Warning : Off-Page Connector of type OUTPUT RIGHT at (13.1in,9in) is not recognised
        Warning : Off-Page Connector of type OUTPUT RIGHT at (13.1in,9.2in) is not recognised
        Warning : Off-Page Connector of type OUTPUT RIGHT at (13.1in,9.1in) is not recognised
        Warning : Off-Page Connector of type OUTPUT RIGHT at (13.1in,9.3in) is not recognised
        Warning : Off-Page Connector of type INPUT RIGHT at (8.3in,10.5in) is not recognised
        Warning : Off-Page Connector of type INPUT RIGHT at (8.3in,10.4in) is not recognised
        Warning : Off-Page Connector of type INPUT RIGHT at (8.3in,10.6in) is not recognised
        Warning : Off-Page Connector of type INPUT RIGHT at (8.3in,10.3in) is not recognised
        Warning : Off-Page Connector of type INPUT RIGHT at (8.3in,10.2in) is not recognised
        Warning : Off-Page Connector of type OUTPUT RIGHT at (8.4in,9.6in) is not recognised
        Warning : Off-Page Connector of type INPUT RIGHT at (13.05in,8.4in) is not recognised
        Warning : Off-Page Connector of type INPUT LEFT at (13.05in,8.6in) is not recognised
        Warning : Off-Page Connector of type OUTPUT RIGHT at (13.1in,8.7in) is not recognised
        Warning : Off-Page Connector of type INPUT RIGHT at (13.05in,8.8in) is not recognised
        Warning : Off-Page Connector of type INPUT LEFT at (8.45in,9.5in) is not recognised
        Warning : Off-Page Connector of type OUTPUT LEFT at (13.1in,8.5in) is not recognised
        Warning : Off-Page Connector of type INPUT RIGHT at (13.05in,10.3in) is not recognised
        Warning : Off-Page Connector of type OUTPUT RIGHT at (13.05in,11.7in) is not recognised
        Warning : Off-Page Connector of type OUTPUT LEFT at (13in,11.5in) is not recognised
        Warning : Off-Page Connector of type INPUT LEFT at (13in,11in) is not recognised
        Warning : Off-Page Connector of type OUTPUT RIGHT at (13.05in,10.1in) is not recognised
        Warning : Off-Page Connector of type OUTPUT LEFT at (8.25in,10.1in) is not recognised
        Warning : Off-Page Connector of type INPUT RIGHT at (8.3in,10.8in) is not recognised
        Warning : Off-Page Connector of type INPUT RIGHT at (8.4in,9.4in) is not recognised
        Warning : Off-Page Connector of type OUTPUT RIGHT at (8.4in,9.3in) is not recognised
        Warning : Off-Page Connector of type OUTPUT RIGHT at (8.4in,9.2in) is not recognised
        Warning : Off-Page Connector of type OUTPUT RIGHT at (8.4in,9.1in) is not recognised
        Warning : Off-Page Connector of type OUTPUT RIGHT at (13.05in,9.8in) is not recognised
        Warning : Off-Page Connector of type I/O RIGHT at (13.05in,9.7in) is not recognised
        Warning : Off-Page Connector of type OUTPUT RIGHT at (13.05in,9.6in) is not recognised
        Warning : Off-Page Connector of type I/O RIGHT at (13.05in,9.5in) is not recognised
        Warning : Off-Page Connector of type OUTPUT RIGHT at (13.05in,10in) is not recognised
        Warning : Off-Page Connector of type OUTPUT RIGHT at (13.05in,9.9in) is not recognised
        Warning : Off-Page Connector of type I/O RIGHT at (8.35in,11.1in) is not recognised
        Warning : Off-Page Connector of type I/O RIGHT at (8.35in,11in) is not recognised
        Warning : Off-Page Connector of type OUTPUT RIGHT at (13.05in,10.2in) is not recognised
        Warning : Off-Page Connector of type OUTPUT RIGHT at (13.05in,10.5in) is not recognised
        Warning : Off-Page Connector of type OUTPUT RIGHT at (13.05in,10.8in) is not recognised
        Warning : Off-Page Connector of type OUTPUT RIGHT at (13.05in,10.9in) is not recognised
        Warning : Off-Page Connector of type INPUT RIGHT at (13in,10.7in) is not recognised
        Warning : Off-Page Connector of type OUTPUT RIGHT at (13.05in,10.6in) is not recognised
        Warning : Off-Page Connector of type OUTPUT RIGHT at (8.4in,9in) is not recognised
        Warning : Off-Page Connector of type I/O RIGHT at (8.4in,8.8in) is not recognised
        Warning : Off-Page Connector of type I/O RIGHT at (8.4in,8.6in) is not recognised
        Warning : Off-Page Connector of type I/O RIGHT at (8.4in,8.4in) is not recognised
        Warning : Off-Page Connector of type I/O RIGHT at (8.4in,8.7in) is not recognised
        Warning : Off-Page Connector of type I/O RIGHT at (8.4in,8.5in) is not recognised
        Warning : Off-Page Connector of type OUTPUT RIGHT at (8.4in,8.9in) is not recognised
        Warning : Off-Page Connector of type INPUT RIGHT at (9.9in,7.75in) is not recognised
        Warning : Off-Page Connector of type INPUT RIGHT at (9.9in,7.65in) is not recognised
        Warning : Off-Page Connector of type INPUT RIGHT at (9.9in,7.55in) is not recognised
        Warning : Off-Page Connector of type INPUT RIGHT at (9.9in,7.45in) is not recognised
        Warning : Off-Page Connector of type INPUT RIGHT at (9.9in,7.35in) is not recognised
        Warning : Off-Page Connector of type INPUT RIGHT at (9.9in,7.25in) is not recognised
        Warning : Off-Page Connector of type INPUT RIGHT at (9.9in,6.9in) is not recognised
        Warning : Off-Page Connector of type INPUT RIGHT at (9.9in,6.8in) is not recognised
        Warning : Off-Page Connector of type INPUT RIGHT at (9.9in,6.7in) is not recognised
        Warning : Off-Page Connector of type INPUT RIGHT at (9.9in,6.6in) is not recognised
        Warning : Off-Page Connector of type INPUT RIGHT at (9.9in,6.5in) is not recognised
        Warning : Off-Page Connector of type INPUT RIGHT at (9.9in,6.4in) is not recognised
        Warning : Off-Page Connector of type INPUT RIGHT at (9.9in,6.3in) is not recognised
        Warning : Off-Page Connector of type INPUT RIGHT at (9.9in,6.2in) is not recognised
        Warning : Off-Page Connector of type INPUT RIGHT at (9.9in,6.1in) is not recognised
        Warning : Off-Page Connector of type INPUT RIGHT at (9.9in,6in) is not recognised
        Warning : Off-Page Connector of type INPUT RIGHT at (9.9in,5.9in) is not recognised
        Warning : Off-Page Connector of type INPUT RIGHT at (9.9in,5.8in) is not recognised
        Warning : Off-Page Connector of type INPUT RIGHT at (9.9in,5.7in) is not recognised
        Warning : Off-Page Connector of type INPUT RIGHT at (9.9in,5.6in) is not recognised
        Warning : Off-Page Connector of type OUTPUT LEFT at (2.85in,6.15in) is not recognised
        Warning : Off-Page Connector of type INPUT RIGHT at (8.45in,9.7in) is not recognised
        Warning : Off-Page Connector of type INPUT RIGHT at (8.45in,9.8in) is not recognised
        Warning : Junction at (11.75in,11.2in) has been removed. It will be automatically calculated.
        Warning : Junction at (11.75in,11.3in) has been removed. It will be automatically calculated.
        Warning : Junction at (9.9in,8.5in) has been removed. It will be automatically calculated.
        Warning : Junction at (9.6in,11.8in) has been removed. It will be automatically calculated.
        Warning : Junction at (9.6in,11.7in) has been removed. It will be automatically calculated.
        Warning : Junction at (11.75in,11.8in) has been removed. It will be automatically calculated.
        Warning : Junction at (11.75in,11.6in) has been removed. It will be automatically calculated.
        Warning : Junction at (9.3in,11.5in) has been removed. It will be automatically calculated.
        Warning : Junction at (11.75in,11.4in) has been removed. It will be automatically calculated.
        Warning : Junction at (3.05in,6.15in) has been removed. It will be automatically calculated.
    EndSection

    Section : Importing Sheet - 10) Button and I_O Conn.SchDoc
        Warning : Off-Page Connector of type OUTPUT RIGHT at (4.05in,4.4in) is not recognised
        Warning : Off-Page Connector of type INPUT RIGHT at (10.45in,10.15in) is not recognised
        Warning : Off-Page Connector of type INPUT RIGHT at (14.45in,8.35in) is not recognised
        Warning : Off-Page Connector of type OUTPUT RIGHT at (14.5in,8.45in) is not recognised
        Warning : Off-Page Connector of type OUTPUT RIGHT at (14.5in,8.65in) is not recognised
        Warning : Off-Page Connector of type OUTPUT RIGHT at (14.5in,8.55in) is not recognised
        Warning : Off-Page Connector of type OUTPUT RIGHT at (14.5in,8.75in) is not recognised
        Warning : Off-Page Connector of type INPUT RIGHT at (10.45in,9.95in) is not recognised
        Warning : Off-Page Connector of type INPUT RIGHT at (10.45in,9.85in) is not recognised
        Warning : Off-Page Connector of type INPUT RIGHT at (10.45in,10.05in) is not recognised
        Warning : Off-Page Connector of type INPUT RIGHT at (10.45in,9.75in) is not recognised
        Warning : Off-Page Connector of type INPUT RIGHT at (10.45in,9.65in) is not recognised
        Warning : Off-Page Connector of type OUTPUT RIGHT at (10.55in,9.05in) is not recognised
        Warning : Off-Page Connector of type INPUT RIGHT at (14.45in,7.85in) is not recognised
        Warning : Off-Page Connector of type INPUT LEFT at (14.45in,8.05in) is not recognised
        Warning : Off-Page Connector of type OUTPUT RIGHT at (14.5in,8.15in) is not recognised
        Warning : Off-Page Connector of type INPUT RIGHT at (14.45in,8.25in) is not recognised
        Warning : Off-Page Connector of type INPUT LEFT at (10.55in,8.95in) is not recognised
        Warning : Off-Page Connector of type OUTPUT LEFT at (14.5in,7.95in) is not recognised
        Warning : Off-Page Connector of type INPUT RIGHT at (14.45in,9.75in) is not recognised
        Warning : Off-Page Connector of type OUTPUT RIGHT at (14.45in,11.15in) is not recognised
        Warning : Off-Page Connector of type OUTPUT LEFT at (14.4in,10.95in) is not recognised
        Warning : Off-Page Connector of type INPUT LEFT at (14.4in,10.45in) is not recognised
        Warning : Off-Page Connector of type OUTPUT RIGHT at (14.45in,9.55in) is not recognised
        Warning : Off-Page Connector of type OUTPUT LEFT at (10.4in,9.55in) is not recognised
        Warning : Off-Page Connector of type INPUT RIGHT at (10.45in,10.25in) is not recognised
        Warning : Off-Page Connector of type INPUT RIGHT at (10.55in,8.85in) is not recognised
        Warning : Off-Page Connector of type OUTPUT RIGHT at (10.55in,8.75in) is not recognised
        Warning : Off-Page Connector of type OUTPUT RIGHT at (10.55in,8.65in) is not recognised
        Warning : Off-Page Connector of type OUTPUT RIGHT at (10.55in,8.55in) is not recognised
        Warning : Off-Page Connector of type OUTPUT RIGHT at (14.45in,9.25in) is not recognised
        Warning : Off-Page Connector of type I/O RIGHT at (14.45in,9.15in) is not recognised
        Warning : Off-Page Connector of type OUTPUT RIGHT at (14.45in,9.05in) is not recognised
        Warning : Off-Page Connector of type I/O RIGHT at (14.45in,8.95in) is not recognised
        Warning : Off-Page Connector of type OUTPUT RIGHT at (14.45in,9.45in) is not recognised
        Warning : Off-Page Connector of type OUTPUT RIGHT at (14.45in,9.35in) is not recognised
        Warning : Off-Page Connector of type I/O RIGHT at (10.5in,10.55in) is not recognised
        Warning : Off-Page Connector of type I/O RIGHT at (10.5in,10.45in) is not recognised
        Warning : Off-Page Connector of type OUTPUT RIGHT at (14.45in,9.65in) is not recognised
        Warning : Off-Page Connector of type OUTPUT RIGHT at (14.45in,9.95in) is not recognised
        Warning : Off-Page Connector of type OUTPUT RIGHT at (14.45in,10.25in) is not recognised
        Warning : Off-Page Connector of type OUTPUT RIGHT at (14.45in,10.35in) is not recognised
        Warning : Off-Page Connector of type INPUT RIGHT at (14.4in,10.15in) is not recognised
        Warning : Off-Page Connector of type OUTPUT RIGHT at (14.45in,10.05in) is not recognised
        Warning : Off-Page Connector of type OUTPUT RIGHT at (10.55in,8.45in) is not recognised
        Warning : Off-Page Connector of type I/O RIGHT at (10.55in,8.25in) is not recognised
        Warning : Off-Page Connector of type I/O RIGHT at (10.55in,8.05in) is not recognised
        Warning : Off-Page Connector of type I/O RIGHT at (10.55in,7.85in) is not recognised
        Warning : Off-Page Connector of type I/O RIGHT at (10.55in,8.15in) is not recognised
        Warning : Off-Page Connector of type I/O RIGHT at (10.55in,7.95in) is not recognised
        Warning : Off-Page Connector of type OUTPUT RIGHT at (10.55in,8.35in) is not recognised
        Warning : Off-Page Connector of type OUTPUT LEFT at (10.5in,4.35in) is not recognised
        Warning : Off-Page Connector of type OUTPUT LEFT at (14.45in,4.4in) is not recognised
        Warning : Off-Page Connector of type I/O RIGHT at (10.55in,9.15in) is not recognised
        Warning : Off-Page Connector of type INPUT RIGHT at (10.55in,9.25in) is not recognised
        Warning : Off-Page Connector of type OUTPUT LEFT at (5.6in,9.15in) is not recognised
        Warning : Junction at (6.05in,4.4in) has been removed. It will be automatically calculated.
        Warning : Junction at (13.15in,10.65in) has been removed. It will be automatically calculated.
        Warning : Junction at (11.75in,11.05in) has been removed. It will be automatically calculated.
        Warning : Junction at (11.75in,11.15in) has been removed. It will be automatically calculated.
        Warning : Junction at (13.15in,11.25in) has been removed. It will be automatically calculated.
        Warning : Junction at (13.15in,11.05in) has been removed. It will be automatically calculated.
        Warning : Junction at (13.15in,10.75in) has been removed. It will be automatically calculated.
        Warning : Junction at (13.15in,10.85in) has been removed. It will be automatically calculated.
        Warning : Junction at (11.45in,10.95in) has been removed. It will be automatically calculated.
        Warning : Junction at (9.3in,12.05in) has been removed. It will be automatically calculated.
        Warning : Junction at (11.75in,11.25in) has been removed. It will be automatically calculated.
        Warning : Junction at (11.75in,11.6in) has been removed. It will be automatically calculated.
        Warning : Junction at (11.75in,12.3in) has been removed. It will be automatically calculated.
        Warning : Junction at (9.3in,11.25in) has been removed. It will be automatically calculated.
        Warning : Junction at (10.5in,12.1in) has been removed. It will be automatically calculated.
        Warning : Junction at (10.5in,11.4in) has been removed. It will be automatically calculated.
        Warning : Junction at (5.7in,12.05in) has been removed. It will be automatically calculated.
        Warning : Junction at (3.05in,11.95in) has been removed. It will be automatically calculated.
        Warning : Junction at (5.7in,10.35in) has been removed. It will be automatically calculated.
        Warning : Junction at (3.05in,10.25in) has been removed. It will be automatically calculated.
        Warning : Junction at (5.7in,7.9in) has been removed. It will be automatically calculated.
        Warning : Junction at (5.7in,8.2in) has been removed. It will be automatically calculated.
        Warning : Junction at (3.05in,8.2in) has been removed. It will be automatically calculated.
        Warning : Junction at (3.45in,7.05in) has been removed. It will be automatically calculated.
        Warning : Junction at (3.05in,8.1in) has been removed. It will be automatically calculated.
        Warning : Junction at (3.05in,8.35in) has been removed. It will be automatically calculated.
        Warning : Junction at (3.05in,10.35in) has been removed. It will be automatically calculated.
        Warning : Junction at (3.05in,10.55in) has been removed. It will be automatically calculated.
        Warning : Junction at (3.05in,12.05in) has been removed. It will be automatically calculated.
        Warning : Junction at (3.05in,12.25in) has been removed. It will be automatically calculated.
        Warning : Junction at (3.45in,7.6in) has been removed. It will be automatically calculated.
        Warning : Junction at (3.45in,9.75in) has been removed. It will be automatically calculated.
        Warning : Junction at (3.45in,9.15in) has been removed. It will be automatically calculated.
    EndSection

    Section : Importing Sheet - 09) USB.SchDoc
        Warning : Off-Page Connector of type I/O RIGHT at (4.3in,8.75in) is not recognised
        Warning : Off-Page Connector of type I/O RIGHT at (4.3in,8.65in) is not recognised
        Warning : Off-Page Connector of type OUTPUT RIGHT at (10.65in,11.2in) is not recognised
        Warning : Off-Page Connector of type INPUT RIGHT at (6.1in,11.2in) is not recognised
        Warning : Off-Page Connector of type OUTPUT RIGHT at (3.1in,6.15in) is not recognised
        Warning : Junction at (12in,9.15in) has been removed. It will be automatically calculated.
        Warning : Junction at (9.55in,11.5in) has been removed. It will be automatically calculated.
        Warning : Junction at (9.55in,9.35in) has been removed. It will be automatically calculated.
        Warning : Junction at (6.6in,11.2in) has been removed. It will be automatically calculated.
        Warning : Junction at (10.1in,11.2in) has been removed. It will be automatically calculated.
        Warning : Junction at (7.65in,4.35in) has been removed. It will be automatically calculated.
        Warning : Junction at (9.15in,4.35in) has been removed. It will be automatically calculated.
        Warning : Junction at (11.65in,4.15in) has been removed. It will be automatically calculated.
        Warning : Junction at (11.65in,3.75in) has been removed. It will be automatically calculated.
        Warning : Junction at (11.65in,3.95in) has been removed. It will be automatically calculated.
        Warning : Junction at (11.65in,3.55in) has been removed. It will be automatically calculated.
        Warning : Junction at (11.65in,3.35in) has been removed. It will be automatically calculated.
        Warning : Junction at (7.15in,8.05in) has been removed. It will be automatically calculated.
        Warning : Junction at (4.85in,4.35in) has been removed. It will be automatically calculated.
        Warning : Junction at (10.45in,5.2in) has been removed. It will be automatically calculated.
        Warning : Junction at (5.15in,5.3in) has been removed. It will be automatically calculated.
        Warning : Junction at (5.15in,3.75in) has been removed. It will be automatically calculated.
        Warning : Junction at (4.6in,5.5in) has been removed. It will be automatically calculated.
        Warning : Junction at (9in,6.4in) has been removed. It will be automatically calculated.
    EndSection

    Section : Importing Sheet - 08) SD card.SchDoc
        Warning : Off-Page Connector of type OUTPUT RIGHT at (6.85in,8.7in) is not recognised
        Warning : Off-Page Connector of type I/O RIGHT at (6.9in,8.9in) is not recognised
        Warning : Off-Page Connector of type I/O RIGHT at (6.9in,8.5in) is not recognised
        Warning : Off-Page Connector of type I/O RIGHT at (6.9in,8.4in) is not recognised
        Warning : Off-Page Connector of type I/O RIGHT at (6.9in,9.1in) is not recognised
        Warning : Off-Page Connector of type I/O RIGHT at (6.9in,9in) is not recognised
        Warning : Off-Page Connector of type OUTPUT RIGHT at (6.85in,7.05in) is not recognised
        Warning : Off-Page Connector of type OUTPUT RIGHT at (6.85in,8.2in) is not recognised
        Warning : Junction at (13.65in,7.9in) has been removed. It will be automatically calculated.
        Warning : Junction at (13.65in,8.1in) has been removed. It will be automatically calculated.
        Warning : Junction at (13.65in,7.8in) has been removed. It will be automatically calculated.
        Warning : Junction at (13.65in,7.7in) has been removed. It will be automatically calculated.
        Warning : Junction at (13.65in,7.6in) has been removed. It will be automatically calculated.
        Warning : Junction at (8.85in,7.9in) has been removed. It will be automatically calculated.
        Warning : Junction at (11.75in,7.9in) has been removed. It will be automatically calculated.
        Warning : Junction at (13.05in,8.8in) has been removed. It will be automatically calculated.
        Warning : Junction at (11.65in,10.1in) has been removed. It will be automatically calculated.
        Warning : Junction at (9.15in,10in) has been removed. It will be automatically calculated.
        Warning : Junction at (7.35in,7.05in) has been removed. It will be automatically calculated.
    EndSection

    Section : Importing Sheet - 07) DIGITAL TRANSLATION.SchDoc
        Warning : Off-Page Connector of type I/O RIGHT at (2.15in,7.2in) is not recognised
        Warning : Off-Page Connector of type I/O RIGHT at (2.15in,8.7in) is not recognised
        Warning : Off-Page Connector of type I/O RIGHT at (2.15in,10.2in) is not recognised
        Warning : Off-Page Connector of type I/O RIGHT at (2.15in,11.7in) is not recognised
        Warning : Off-Page Connector of type I/O RIGHT at (2.15in,13.2in) is not recognised
        Warning : Off-Page Connector of type I/O RIGHT at (2.15in,14.7in) is not recognised
        Warning : Off-Page Connector of type I/O RIGHT at (2.15in,16.15in) is not recognised
        Warning : Off-Page Connector of type I/O RIGHT at (16.7in,10.7in) is not recognised
        Warning : Off-Page Connector of type I/O RIGHT at (16.7in,9.2in) is not recognised
        Warning : Off-Page Connector of type I/O RIGHT at (16.7in,7.7in) is not recognised
        Warning : Off-Page Connector of type INPUT RIGHT at (24.85in,11.4in) is not recognised
        Warning : Off-Page Connector of type INPUT RIGHT at (24.85in,11.3in) is not recognised
        Warning : Off-Page Connector of type INPUT RIGHT at (24.85in,11.2in) is not recognised
        Warning : Off-Page Connector of type OUTPUT RIGHT at (24.9in,6.55in) is not recognised
        Warning : Off-Page Connector of type I/O RIGHT at (2.75in,3.95in) is not recognised
        Warning : Off-Page Connector of type INPUT RIGHT at (2.75in,3.75in) is not recognised
        Warning : Off-Page Connector of type INPUT RIGHT at (23.55in,4.55in) is not recognised
        Warning : Off-Page Connector of type OUTPUT RIGHT at (7.7in,7.55in) is not recognised
        Warning : Off-Page Connector of type OUTPUT RIGHT at (7.7in,9.05in) is not recognised
        Warning : Off-Page Connector of type OUTPUT RIGHT at (7.7in,10.55in) is not recognised
        Warning : Off-Page Connector of type OUTPUT RIGHT at (7.7in,12.05in) is not recognised
        Warning : Off-Page Connector of type OUTPUT RIGHT at (7.7in,13.55in) is not recognised
        Warning : Off-Page Connector of type OUTPUT RIGHT at (7.7in,15.05in) is not recognised
        Warning : Off-Page Connector of type OUTPUT RIGHT at (7.7in,16.5in) is not recognised
        Warning : Off-Page Connector of type OUTPUT RIGHT at (22.35in,17in) is not recognised
        Warning : Off-Page Connector of type OUTPUT RIGHT at (22.35in,15.55in) is not recognised
        Warning : Off-Page Connector of type OUTPUT RIGHT at (22.4in,14.05in) is not recognised
        Warning : Off-Page Connector of type OUTPUT RIGHT at (22.4in,12.55in) is not recognised
        Warning : Off-Page Connector of type OUTPUT RIGHT at (22.4in,11.05in) is not recognised
        Warning : Off-Page Connector of type OUTPUT RIGHT at (22.4in,9.55in) is not recognised
        Warning : Off-Page Connector of type OUTPUT RIGHT at (22.45in,8.05in) is not recognised
        Warning : Off-Page Connector of type I/O RIGHT at (14.15in,16.65in) is not recognised
        Warning : Off-Page Connector of type I/O RIGHT at (13.75in,13.9in) is not recognised
        Warning : Off-Page Connector of type I/O RIGHT at (13.75in,12.4in) is not recognised
        Warning : Off-Page Connector of type I/O RIGHT at (10.15in,13.7in) is not recognised
        Warning : Off-Page Connector of type I/O RIGHT at (10.15in,12.2in) is not recognised
        Warning : Off-Page Connector of type I/O RIGHT at (10.15in,12.4in) is not recognised
        Warning : Off-Page Connector of type I/O RIGHT at (10.15in,13.9in) is not recognised
        Warning : Off-Page Connector of type I/O RIGHT at (14.1in,15.4in) is not recognised
        Warning : Off-Page Connector of type I/O RIGHT at (14.15in,16.85in) is not recognised
        Warning : Off-Page Connector of type INPUT RIGHT at (12.45in,12in) is not recognised
        Warning : Off-Page Connector of type INPUT RIGHT at (12.4in,13.5in) is not recognised
        Warning : Off-Page Connector of type INPUT RIGHT at (16.25in,15in) is not recognised
        Warning : Off-Page Connector of type INPUT RIGHT at (16.25in,16.45in) is not recognised
        Warning : Off-Page Connector of type I/O RIGHT at (9.9in,15.2in) is not recognised
        Warning : Junction at (18.05in,10.9in) has been removed. It will be automatically calculated.
        Warning : Junction at (3.5in,16.35in) has been removed. It will be automatically calculated.
        Warning : Junction at (3.5in,14.9in) has been removed. It will be automatically calculated.
        Warning : Junction at (3.5in,11.9in) has been removed. It will be automatically calculated.
        Warning : Junction at (14.3in,13.3in) has been removed. It will be automatically calculated.
        Warning : Junction at (14.3in,11.8in) has been removed. It will be automatically calculated.
        Warning : Junction at (6.55in,6.5in) has been removed. It will be automatically calculated.
        Warning : Junction at (6.75in,6.35in) has been removed. It will be automatically calculated.
        Warning : Junction at (6.95in,6.2in) has been removed. It will be automatically calculated.
        Warning : Junction at (7.15in,6.05in) has been removed. It will be automatically calculated.
        Warning : Junction at (7.35in,5.9in) has been removed. It will be automatically calculated.
        Warning : Junction at (21in,5.65in) has been removed. It will be automatically calculated.
        Warning : Junction at (21.2in,5.8in) has been removed. It will be automatically calculated.
        Warning : Junction at (21.4in,5.95in) has been removed. It will be automatically calculated.
        Warning : Junction at (21.6in,6.1in) has been removed. It will be automatically calculated.
        Warning : Junction at (21.8in,6.25in) has been removed. It will be automatically calculated.
        Warning : Junction at (22in,6.4in) has been removed. It will be automatically calculated.
        Warning : Junction at (22.2in,7.7in) has been removed. It will be automatically calculated.
        Warning : Junction at (22.15in,9.2in) has been removed. It will be automatically calculated.
        Warning : Junction at (22.15in,10.7in) has been removed. It will be automatically calculated.
        Warning : Junction at (22.15in,12.2in) has been removed. It will be automatically calculated.
        Warning : Junction at (22.15in,13.7in) has been removed. It will be automatically calculated.
        Warning : Junction at (22.1in,15.2in) has been removed. It will be automatically calculated.
        Warning : Junction at (7.45in,14.7in) has been removed. It will be automatically calculated.
        Warning : Junction at (7.45in,16.15in) has been removed. It will be automatically calculated.
        Warning : Junction at (7.45in,13.2in) has been removed. It will be automatically calculated.
        Warning : Junction at (7.45in,11.7in) has been removed. It will be automatically calculated.
        Warning : Junction at (7.45in,10.2in) has been removed. It will be automatically calculated.
        Warning : Junction at (7.45in,8.7in) has been removed. It will be automatically calculated.
        Warning : Junction at (7.45in,7.2in) has been removed. It will be automatically calculated.
        Warning : Junction at (22.1in,16.65in) has been removed. It will be automatically calculated.
        Warning : Junction at (23.8in,7in) has been removed. It will be automatically calculated.
        Warning : Junction at (23.8in,6.55in) has been removed. It will be automatically calculated.
        Warning : Junction at (23.8in,4.55in) has been removed. It will be automatically calculated.
        Warning : Junction at (24.15in,6.55in) has been removed. It will be automatically calculated.
        Warning : Junction at (3.45in,3.15in) has been removed. It will be automatically calculated.
        Warning : Junction at (3.45in,4.85in) has been removed. It will be automatically calculated.
        Warning : Junction at (3.2in,1.75in) has been removed. It will be automatically calculated.
        Warning : Junction at (6.15in,6.8in) has been removed. It will be automatically calculated.
        Warning : Junction at (6.35in,6.65in) has been removed. It will be automatically calculated.
        Warning : Junction at (8.75in,5.9in) has been removed. It will be automatically calculated.
        Warning : Junction at (8.75in,6.05in) has been removed. It will be automatically calculated.
        Warning : Junction at (8.75in,6.2in) has been removed. It will be automatically calculated.
        Warning : Junction at (8.75in,6.35in) has been removed. It will be automatically calculated.
        Warning : Junction at (8.75in,6.5in) has been removed. It will be automatically calculated.
        Warning : Junction at (8.75in,6.65in) has been removed. It will be automatically calculated.
        Warning : Junction at (19.4in,5.5in) has been removed. It will be automatically calculated.
        Warning : Junction at (19.4in,5.65in) has been removed. It will be automatically calculated.
        Warning : Junction at (19.4in,5.8in) has been removed. It will be automatically calculated.
        Warning : Junction at (19.4in,5.95in) has been removed. It will be automatically calculated.
        Warning : Junction at (19.4in,6.1in) has been removed. It will be automatically calculated.
        Warning : Junction at (19.4in,6.25in) has been removed. It will be automatically calculated.
        Warning : Junction at (20.8in,5.5in) has been removed. It will be automatically calculated.
        Warning : Junction at (17.1in,1.85in) has been removed. It will be automatically calculated.
        Warning : Junction at (16.95in,2.05in) has been removed. It will be automatically calculated.
        Warning : Junction at (25.1in,14.2in) has been removed. It will be automatically calculated.
        Warning : Junction at (2.4in,16.15in) has been removed. It will be automatically calculated.
        Warning : Junction at (2.35in,14.7in) has been removed. It will be automatically calculated.
        Warning : Junction at (2.35in,11.7in) has been removed. It will be automatically calculated.
        Warning : Junction at (17.2in,10.7in) has been removed. It will be automatically calculated.
        Warning : Junction at (18.55in,1.65in) has been removed. It will be automatically calculated.
        Warning : Junction at (14.3in,16.25in) has been removed. It will be automatically calculated.
        Warning : Junction at (14.3in,14.8in) has been removed. It will be automatically calculated.
        Warning : Junction at (14.2in,13.9in) has been removed. It will be automatically calculated.
        Warning : Junction at (14.3in,12.4in) has been removed. It will be automatically calculated.
        Warning : Junction at (10.5in,13.3in) has been removed. It will be automatically calculated.
        Warning : Junction at (10.55in,11.8in) has been removed. It will be automatically calculated.
        Warning : Junction at (10.3in,12.2in) has been removed. It will be automatically calculated.
    EndSection

    Section : Importing Sheet - 06) ANALOG TRANSLATION.SchDoc
        Warning : Off-Page Connector of type INPUT RIGHT at (5.3in,13.45in) is not recognised
        Warning : Off-Page Connector of type INPUT RIGHT at (5.3in,11.9in) is not recognised
        Warning : Off-Page Connector of type INPUT RIGHT at (5.3in,10.35in) is not recognised
        Warning : Off-Page Connector of type INPUT RIGHT at (5.3in,8.8in) is not recognised
        Warning : Off-Page Connector of type INPUT RIGHT at (5.3in,7.25in) is not recognised
        Warning : Off-Page Connector of type INPUT RIGHT at (5.3in,5.65in) is not recognised
        Warning : Off-Page Connector of type I/O RIGHT at (5.2in,11.2in) is not recognised
        Warning : Off-Page Connector of type I/O RIGHT at (5.2in,9.65in) is not recognised
        Warning : Off-Page Connector of type I/O RIGHT at (5.2in,8.1in) is not recognised
        Warning : Off-Page Connector of type I/O RIGHT at (5.2in,6.5in) is not recognised
        Warning : Off-Page Connector of type OUTPUT LEFT at (18.45in,14.65in) is not recognised
        Warning : Off-Page Connector of type OUTPUT LEFT at (18.45in,14.55in) is not recognised
        Warning : Off-Page Connector of type I/O RIGHT at (5.2in,12.75in) is not recognised
        Warning : Off-Page Connector of type I/O RIGHT at (5.3in,14.3in) is not recognised
        Warning : Off-Page Connector of type OUTPUT LEFT at (18.45in,14.85in) is not recognised
        Warning : Off-Page Connector of type OUTPUT LEFT at (18.45in,14.75in) is not recognised
        Warning : Off-Page Connector of type OUTPUT LEFT at (18.45in,15.05in) is not recognised
        Warning : Off-Page Connector of type OUTPUT LEFT at (18.45in,14.95in) is not recognised
        Warning : Off-Page Connector of type I/O RIGHT at (1.4in,0.75in) is not recognised
        Warning : Off-Page Connector of type I/O RIGHT at (1.4in,1.85in) is not recognised
        Warning : Off-Page Connector of type OUTPUT RIGHT at (15.6in,1.7in) is not recognised
        Warning : Off-Page Connector of type OUTPUT RIGHT at (17in,1.9in) is not recognised
        Warning : Off-Page Connector of type OUTPUT LEFT at (25.45in,6.1in) is not recognised
        Warning : Off-Page Connector of type OUTPUT LEFT at (25.45in,5.9in) is not recognised
        Warning : Off-Page Connector of type OUTPUT LEFT at (25.45in,5.7in) is not recognised
        Warning : Off-Page Connector of type OUTPUT LEFT at (25.45in,5.5in) is not recognised
        Warning : Off-Page Connector of type OUTPUT LEFT at (25.45in,5.3in) is not recognised
        Warning : Off-Page Connector of type OUTPUT LEFT at (25.45in,5.1in) is not recognised
        Warning : Off-Page Connector of type OUTPUT LEFT at (25.45in,4.9in) is not recognised
        Warning : Off-Page Connector of type OUTPUT LEFT at (25.45in,4.7in) is not recognised
        Warning : Off-Page Connector of type OUTPUT LEFT at (25.45in,4.4in) is not recognised
        Warning : Off-Page Connector of type OUTPUT LEFT at (25.45in,4.2in) is not recognised
        Warning : Off-Page Connector of type OUTPUT LEFT at (25.45in,4in) is not recognised
        Warning : Off-Page Connector of type OUTPUT LEFT at (25.45in,3.8in) is not recognised
        Warning : Off-Page Connector of type OUTPUT LEFT at (25.45in,3.6in) is not recognised
        Warning : Off-Page Connector of type OUTPUT LEFT at (25.45in,3.4in) is not recognised
        Warning : Off-Page Connector of type OUTPUT RIGHT at (7.6in,3.3in) is not recognised
        Warning : Off-Page Connector of type OUTPUT RIGHT at (7.6in,3.1in) is not recognised
        Warning : Off-Page Connector of type OUTPUT RIGHT at (7.6in,2.9in) is not recognised
        Warning : Off-Page Connector of type OUTPUT RIGHT at (7.6in,2.7in) is not recognised
        Warning : Off-Page Connector of type INPUT RIGHT at (5.35in,16.5in) is not recognised
        Warning : Off-Page Connector of type I/O RIGHT at (5.35in,15.4in) is not recognised
        Warning : Off-Page Connector of type INPUT RIGHT at (9in,1.65in) is not recognised
        Warning : Junction at (10.5in,14.3in) has been removed. It will be automatically calculated.
        Warning : Junction at (11in,13.7in) has been removed. It will be automatically calculated.
        Warning : Junction at (7.8in,16.95in) has been removed. It will be automatically calculated.
        Warning : Junction at (11in,12.15in) has been removed. It will be automatically calculated.
        Warning : Junction at (11in,10.6in) has been removed. It will be automatically calculated.
        Warning : Junction at (11in,9.05in) has been removed. It will be automatically calculated.
        Warning : Junction at (11in,7.5in) has been removed. It will be automatically calculated.
        Warning : Junction at (11in,5.9in) has been removed. It will be automatically calculated.
        Warning : Junction at (17.45in,14.1in) has been removed. It will be automatically calculated.
        Warning : Junction at (17.55in,14in) has been removed. It will be automatically calculated.
        Warning : Junction at (17.65in,13.9in) has been removed. It will be automatically calculated.
        Warning : Junction at (17.75in,13.8in) has been removed. It will be automatically calculated.
        Warning : Junction at (17.85in,13.7in) has been removed. It will be automatically calculated.
        Warning : Junction at (17.95in,13.6in) has been removed. It will be automatically calculated.
        Warning : Junction at (14.45in,4.2in) has been removed. It will be automatically calculated.
        Warning : Junction at (10.2in,4in) has been removed. It will be automatically calculated.
        Warning : Junction at (10.05in,4.2in) has been removed. It will be automatically calculated.
        Warning : Junction at (9.9in,4.4in) has been removed. It will be automatically calculated.
        Warning : Junction at (9.75in,4.6in) has been removed. It will be automatically calculated.
        Warning : Junction at (14.05in,4.6in) has been removed. It will be automatically calculated.
        Warning : Junction at (14.25in,4.4in) has been removed. It will be automatically calculated.
        Warning : Junction at (14.65in,4in) has been removed. It will be automatically calculated.
        Warning : Junction at (14.85in,3.8in) has been removed. It will be automatically calculated.
        Warning : Junction at (13.65in,7.5in) has been removed. It will be automatically calculated.
        Warning : Junction at (13.65in,9.05in) has been removed. It will be automatically calculated.
        Warning : Junction at (13.65in,10.6in) has been removed. It will be automatically calculated.
        Warning : Junction at (13.65in,12.15in) has been removed. It will be automatically calculated.
        Warning : Junction at (23.3in,11.6in) has been removed. It will be automatically calculated.
        Warning : Junction at (22.75in,11.6in) has been removed. It will be automatically calculated.
        Warning : Junction at (24.5in,11.6in) has been removed. It will be automatically calculated.
        Warning : Junction at (23.95in,11.6in) has been removed. It will be automatically calculated.
        Warning : Junction at (25.05in,11.6in) has been removed. It will be automatically calculated.
        Warning : Junction at (22.75in,9.8in) has been removed. It will be automatically calculated.
        Warning : Junction at (23.3in,9.8in) has been removed. It will be automatically calculated.
        Warning : Junction at (24.95in,9.8in) has been removed. It will be automatically calculated.
        Warning : Junction at (23.95in,9.8in) has been removed. It will be automatically calculated.
        Warning : Junction at (24.45in,9.8in) has been removed. It will be automatically calculated.
        Warning : Junction at (15.3in,5.9in) has been removed. It will be automatically calculated.
        Warning : Junction at (13.65in,5.9in) has been removed. It will be automatically calculated.
        Warning : Junction at (6.6in,16.5in) has been removed. It will be automatically calculated.
        Warning : Junction at (7.8in,15.9in) has been removed. It will be automatically calculated.
        Warning : Junction at (6.6in,15.4in) has been removed. It will be automatically calculated.
        Warning : Junction at (3in,1.25in) has been removed. It will be automatically calculated.
        Warning : Junction at (3in,2.3in) has been removed. It will be automatically calculated.
        Warning : Junction at (1.8in,1.85in) has been removed. It will be automatically calculated.
        Warning : Junction at (1.8in,2.3in) has been removed. It will be automatically calculated.
        Warning : Junction at (1.65in,0.75in) has been removed. It will be automatically calculated.
        Warning : Junction at (1.65in,1.25in) has been removed. It will be automatically calculated.
        Warning : Junction at (11.15in,2.2in) has been removed. It will be automatically calculated.
        Warning : Junction at (11.15in,1.6in) has been removed. It will be automatically calculated.
        Warning : Junction at (4.6in,4.9in) has been removed. It will be automatically calculated.
        Warning : Junction at (4.3in,1.8in) has been removed. It will be automatically calculated.
        Warning : Junction at (4.3in,2.4in) has been removed. It will be automatically calculated.
        Warning : Junction at (9.6in,4.8in) has been removed. It will be automatically calculated.
        Warning : Junction at (9.45in,5in) has been removed. It will be automatically calculated.
        Warning : Junction at (9.45in,2.85in) has been removed. It will be automatically calculated.
        Warning : Junction at (9.6in,2.85in) has been removed. It will be automatically calculated.
        Warning : Junction at (9.75in,2.85in) has been removed. It will be automatically calculated.
        Warning : Junction at (9.9in,2.85in) has been removed. It will be automatically calculated.
        Warning : Junction at (10.05in,2.85in) has been removed. It will be automatically calculated.
        Warning : Junction at (10.75in,3.6in) has been removed. It will be automatically calculated.
        Warning : Junction at (10.6in,3.8in) has been removed. It will be automatically calculated.
        Warning : Junction at (10.6in,4.95in) has been removed. It will be automatically calculated.
        Warning : Junction at (14in,1.7in) has been removed. It will be automatically calculated.
        Warning : Junction at (20.55in,2.9in) has been removed. It will be automatically calculated.
        Warning : Junction at (20.55in,3.5in) has been removed. It will be automatically calculated.
        Warning : Junction at (10.75in,0.75in) has been removed. It will be automatically calculated.
        Warning : Junction at (10.6in,0.9in) has been removed. It will be automatically calculated.
        Warning : Junction at (20.6in,6in) has been removed. It will be automatically calculated.
        Warning : Junction at (18.5in,7.65in) has been removed. It will be automatically calculated.
        Warning : Junction at (21.3in,8.25in) has been removed. It will be automatically calculated.
        Warning : Junction at (19.05in,8.25in) has been removed. It will be automatically calculated.
        Warning : Junction at (19.05in,8.6in) has been removed. It will be automatically calculated.
        Warning : Junction at (16.65in,1.9in) has been removed. It will be automatically calculated.
        Warning : Junction at (20.35in,7.95in) has been removed. It will be automatically calculated.
        Warning : Junction at (11.15in,2.6in) has been removed. It will be automatically calculated.
        Warning : Junction at (22.9in,8in) has been removed. It will be automatically calculated.
        Warning : Junction at (25.55in,11.6in) has been removed. It will be automatically calculated.
        Warning : Junction at (10.3in,12.75in) has been removed. It will be automatically calculated.
        Warning : Junction at (10.3in,15.4in) has been removed. It will be automatically calculated.
        Warning : Junction at (13.85in,4.8in) has been removed. It will be automatically calculated.
        Warning : Junction at (16.3in,4.8in) has been removed. It will be automatically calculated.
        Warning : Junction at (16.3in,4.6in) has been removed. It will be automatically calculated.
        Warning : Junction at (16.3in,4.4in) has been removed. It will be automatically calculated.
        Warning : Junction at (16.3in,4.2in) has been removed. It will be automatically calculated.
        Warning : Junction at (16.3in,4in) has been removed. It will be automatically calculated.
        Warning : Junction at (10in,1.65in) has been removed. It will be automatically calculated.
        Warning : Junction at (10.5in,16.5in) has been removed. It will be automatically calculated.
    EndSection

    Section : Importing Sheet - 05) SPI ADC AND SWIZZLE.SchDoc
        Warning : Off-Page Connector of type OUTPUT RIGHT at (4in,11.3in) is not recognised
        Warning : Off-Page Connector of type OUTPUT RIGHT at (4in,11.4in) is not recognised
        Warning : Off-Page Connector of type OUTPUT RIGHT at (4in,11.2in) is not recognised
        Warning : Off-Page Connector of type INPUT RIGHT at (4in,11.1in) is not recognised
        Warning : Off-Page Connector of type INPUT RIGHT at (2.5in,9.9in) is not recognised
        Warning : Off-Page Connector of type OUTPUT RIGHT at (12.85in,10.3in) is not recognised
        Warning : Off-Page Connector of type OUTPUT RIGHT at (12.85in,10.2in) is not recognised
        Warning : Off-Page Connector of type OUTPUT RIGHT at (12.85in,10.1in) is not recognised
        Warning : Off-Page Connector of type OUTPUT RIGHT at (12.85in,10in) is not recognised
        Warning : Off-Page Connector of type OUTPUT RIGHT at (12.85in,9.9in) is not recognised
        Warning : Off-Page Connector of type OUTPUT RIGHT at (12.85in,9.8in) is not recognised
        Warning : Off-Page Connector of type I/O RIGHT at (9.8in,6.25in) is not recognised
        Warning : Off-Page Connector of type I/O RIGHT at (8.2in,6.15in) is not recognised
        Warning : Off-Page Connector of type I/O RIGHT at (9.8in,6.05in) is not recognised
        Warning : Off-Page Connector of type I/O RIGHT at (8.2in,5.95in) is not recognised
        Warning : Off-Page Connector of type I/O RIGHT at (8.2in,6.25in) is not recognised
        Warning : Off-Page Connector of type I/O RIGHT at (8.2in,6.05in) is not recognised
        Warning : Off-Page Connector of type I/O RIGHT at (8.2in,5.85in) is not recognised
        Warning : Off-Page Connector of type I/O RIGHT at (9.8in,6.35in) is not recognised
        Warning : Off-Page Connector of type I/O RIGHT at (9.8in,6.15in) is not recognised
        Warning : Off-Page Connector of type I/O RIGHT at (9.8in,5.95in) is not recognised
        Warning : Junction at (7.5in,8.5in) has been removed. It will be automatically calculated.
        Warning : Junction at (7.6in,8.5in) has been removed. It will be automatically calculated.
        Warning : Junction at (5.9in,9.3in) has been removed. It will be automatically calculated.
        Warning : Junction at (8.6in,12in) has been removed. It will be automatically calculated.
        Warning : Junction at (9.6in,12in) has been removed. It will be automatically calculated.
        Warning : Junction at (8.8in,12in) has been removed. It will be automatically calculated.
        Warning : Junction at (9.5in,11.2in) has been removed. It will be automatically calculated.
        Warning : Junction at (8.7in,11.2in) has been removed. It will be automatically calculated.
        Warning : Junction at (5.65in,10in) has been removed. It will be automatically calculated.
        Warning : Junction at (5.05in,10in) has been removed. It will be automatically calculated.
        Warning : Junction at (8.95in,10.3in) has been removed. It will be automatically calculated.
        Warning : Junction at (9.35in,10.2in) has been removed. It will be automatically calculated.
        Warning : Junction at (9.75in,10.1in) has been removed. It will be automatically calculated.
        Warning : Junction at (10.1in,10in) has been removed. It will be automatically calculated.
        Warning : Junction at (10.5in,9.9in) has been removed. It will be automatically calculated.
        Warning : Junction at (10.9in,9.8in) has been removed. It will be automatically calculated.
        Warning : Junction at (9.35in,8.85in) has been removed. It will be automatically calculated.
        Warning : Junction at (8.95in,8.85in) has been removed. It will be automatically calculated.
        Warning : Junction at (10.1in,8.85in) has been removed. It will be automatically calculated.
        Warning : Junction at (9.75in,8.85in) has been removed. It will be automatically calculated.
        Warning : Junction at (10.5in,8.85in) has been removed. It will be automatically calculated.
    EndSection

    Section : Importing Sheet - 04) UART to USB debug p.SchDoc
        Warning : Off-Page Connector of type OUTPUT RIGHT at (11in,5.65in) is not recognised
        Warning : Off-Page Connector of type INPUT RIGHT at (10.95in,5.9in) is not recognised
        Warning : Junction at (7.4in,3.3in) has been removed. It will be automatically calculated.
        Warning : Junction at (7.8in,3.3in) has been removed. It will be automatically calculated.
        Warning : Junction at (7.6in,3.3in) has been removed. It will be automatically calculated.
        Warning : Junction at (7.2in,3.3in) has been removed. It will be automatically calculated.
        Warning : Junction at (8.6in,8.2in) has been removed. It will be automatically calculated.
        Warning : Junction at (2.8in,7.4in) has been removed. It will be automatically calculated.
        Warning : Junction at (2.8in,7in) has been removed. It will be automatically calculated.
        Warning : Junction at (2.8in,7.2in) has been removed. It will be automatically calculated.
        Warning : Junction at (2.8in,6.8in) has been removed. It will be automatically calculated.
        Warning : Junction at (2.8in,6.6in) has been removed. It will be automatically calculated.
        Warning : Junction at (9.8in,7.2in) has been removed. It will be automatically calculated.
        Warning : Junction at (6.6in,4.1in) has been removed. It will be automatically calculated.
        Warning : Junction at (5.2in,7.2in) has been removed. It will be automatically calculated.
        Warning : Junction at (5.1in,7.4in) has been removed. It will be automatically calculated.
    EndSection

    Section : Importing Sheet - 03) POWER SUPPLIES.SchDoc
        Warning : Off-Page Connector of type INPUT RIGHT at (13.6in,11in) is not recognised
        Warning : Junction at (4.8in,10.6in) has been removed. It will be automatically calculated.
        Warning : Junction at (6.9in,10.9in) has been removed. It will be automatically calculated.
        Warning : Junction at (6.9in,11.2in) has been removed. It will be automatically calculated.
        Warning : Junction at (6.3in,11.2in) has been removed. It will be automatically calculated.
        Warning : Junction at (7in,9.5in) has been removed. It will be automatically calculated.
        Warning : Junction at (8.8in,9.5in) has been removed. It will be automatically calculated.
        Warning : Junction at (8.8in,9.7in) has been removed. It will be automatically calculated.
        Warning : Junction at (8.8in,9.3in) has been removed. It will be automatically calculated.
        Warning : Junction at (8.5in,11.2in) has been removed. It will be automatically calculated.
        Warning : Junction at (8.5in,11.3in) has been removed. It will be automatically calculated.
        Warning : Junction at (10in,11.3in) has been removed. It will be automatically calculated.
        Warning : Junction at (9.5in,11.3in) has been removed. It will be automatically calculated.
        Warning : Junction at (5.6in,11.2in) has been removed. It will be automatically calculated.
        Warning : Junction at (5.1in,11.2in) has been removed. It will be automatically calculated.
        Warning : Junction at (5.75in,4.9in) has been removed. It will be automatically calculated.
        Warning : Junction at (6.85in,4in) has been removed. It will be automatically calculated.
        Warning : Junction at (3.3in,11.6in) has been removed. It will be automatically calculated.
        Warning : Junction at (7.8in,3.3in) has been removed. It will be automatically calculated.
        Warning : Junction at (8.8in,9.4in) has been removed. It will be automatically calculated.
        Warning : Junction at (6.45in,2.9in) has been removed. It will be automatically calculated.
        Warning : Junction at (7.35in,4.9in) has been removed. It will be automatically calculated.
        Warning : Junction at (10.45in,5.4in) has been removed. It will be automatically calculated.
        Warning : Junction at (14.4in,10.6in) has been removed. It will be automatically calculated.
        Warning : Junction at (3.5in,10.1in) has been removed. It will be automatically calculated.
        Warning : Junction at (3.5in,10.6in) has been removed. It will be automatically calculated.
        Warning : Junction at (11.15in,11.3in) has been removed. It will be automatically calculated.
        Warning : Junction at (8.6in,10.7in) has been removed. It will be automatically calculated.
        Warning : Junction at (11.25in,11.3in) has been removed. It will be automatically calculated.
        Warning : Junction at (6.95in,8.35in) has been removed. It will be automatically calculated.
        Warning : Junction at (6.35in,8.35in) has been removed. It will be automatically calculated.
        Warning : Junction at (7.05in,6.65in) has been removed. It will be automatically calculated.
        Warning : Junction at (8.85in,6.65in) has been removed. It will be automatically calculated.
        Warning : Junction at (8.85in,6.55in) has been removed. It will be automatically calculated.
        Warning : Junction at (8.85in,6.45in) has been removed. It will be automatically calculated.
        Warning : Junction at (9.9in,7.05in) has been removed. It will be automatically calculated.
        Warning : Junction at (8.55in,8.35in) has been removed. It will be automatically calculated.
        Warning : Junction at (8.55in,8.45in) has been removed. It will be automatically calculated.
        Warning : Junction at (9.65in,8.45in) has been removed. It will be automatically calculated.
        Warning : Junction at (5.65in,8.35in) has been removed. It will be automatically calculated.
        Warning : Junction at (9.9in,8.45in) has been removed. It will be automatically calculated.
        Warning : Junction at (10.5in,8.45in) has been removed. It will be automatically calculated.
        Warning : Junction at (7.8in,3.4in) has been removed. It will be automatically calculated.
        Warning : Junction at (7.8in,4.9in) has been removed. It will be automatically calculated.
        Warning : Junction at (6.85in,4.9in) has been removed. It will be automatically calculated.
        Warning : Junction at (6.95in,8.05in) has been removed. It will be automatically calculated.
        Warning : Junction at (4.8in,11.2in) has been removed. It will be automatically calculated.
    EndSection
EndSection
